<?xml version="1.0" encoding="UTF-8"?>
<testsuite xmlns:xsi="http://www.w3.org/2001/XMLSchema-instance" xsi:schemaLocation="https://maven.apache.org/surefire/maven-surefire-plugin/xsd/surefire-test-report.xsd" name="com.sg.VendingMachine.service.VendingMachineServiceLayerImplTest" time="0.454" tests="5" errors="5" skipped="0" failures="0">
  <properties>
    <property name="java.runtime.name" value="OpenJDK Runtime Environment"/>
    <property name="java.vm.version" value="11.0.12+7"/>
    <property name="sun.boot.library.path" value="/Library/Java/JavaVirtualMachines/temurin-11.jdk/Contents/Home/lib"/>
    <property name="gopherProxySet" value="false"/>
    <property name="maven.multiModuleProjectDirectory" value="/Users/calebdiaz/Documents/Assessment3"/>
    <property name="java.vm.vendor" value="Eclipse Foundation"/>
    <property name="java.vendor.url" value="https://adoptium.net/"/>
    <property name="guice.disable.misplaced.annotation.check" value="true"/>
    <property name="path.separator" value=":"/>
    <property name="java.vm.name" value="OpenJDK 64-Bit Server VM"/>
    <property name="sun.os.patch.level" value="unknown"/>
    <property name="user.country" value="US"/>
    <property name="sun.java.launcher" value="SUN_STANDARD"/>
    <property name="java.vm.specification.name" value="Java Virtual Machine Specification"/>
    <property name="user.dir" value="/Users/calebdiaz/Documents/Assessment3"/>
    <property name="java.vm.compressedOopsMode" value="Zero based"/>
    <property name="java.runtime.version" value="11.0.12+7"/>
    <property name="java.awt.graphicsenv" value="sun.awt.CGraphicsEnvironment"/>
    <property name="os.arch" value="x86_64"/>
    <property name="java.io.tmpdir" value="/var/folders/4l/xxr1_xk935lb00h2fhdjwrvw0000gn/T/"/>
    <property name="line.separator" value="&#10;"/>
    <property name="java.vm.specification.vendor" value="Oracle Corporation"/>
    <property name="os.name" value="Mac OS X"/>
    <property name="maven.ext.class.path" value="/Applications/NetBeans/Apache NetBeans 12.0.app/Contents/Resources/NetBeans/netbeans/java/maven-nblib/netbeans-eventspy.jar"/>
    <property name="classworlds.conf" value="/Applications/NetBeans/Apache NetBeans 12.0.app/Contents/Resources/NetBeans/netbeans/java/maven/bin/m2.conf"/>
    <property name="sun.jnu.encoding" value="UTF-8"/>
    <property name="java.library.path" value="/Users/calebdiaz/Library/Java/Extensions:/Library/Java/Extensions:/Network/Library/Java/Extensions:/System/Library/Java/Extensions:/usr/lib/java:."/>
    <property name="maven.conf" value="/Applications/NetBeans/Apache NetBeans 12.0.app/Contents/Resources/NetBeans/netbeans/java/maven/conf"/>
    <property name="jdk.debug" value="release"/>
    <property name="java.class.version" value="55.0"/>
    <property name="java.specification.name" value="Java Platform API Specification"/>
    <property name="sun.management.compiler" value="HotSpot 64-Bit Tiered Compilers"/>
    <property name="os.version" value="10.15.7"/>
    <property name="library.jansi.path" value="/Applications/NetBeans/Apache NetBeans 12.0.app/Contents/Resources/NetBeans/netbeans/java/maven/lib/jansi-native"/>
    <property name="http.nonProxyHosts" value="local|*.local|169.254/16|*.169.254/16"/>
    <property name="user.home" value="/Users/calebdiaz"/>
    <property name="user.timezone" value="America/New_York"/>
    <property name="java.awt.printerjob" value="sun.lwawt.macosx.CPrinterJob"/>
    <property name="file.encoding" value="UTF-8"/>
    <property name="java.specification.version" value="11"/>
    <property name="user.name" value="calebdiaz"/>
    <property name="java.class.path" value="/Applications/NetBeans/Apache NetBeans 12.0.app/Contents/Resources/NetBeans/netbeans/java/maven/boot/plexus-classworlds-2.6.0.jar"/>
    <property name="java.vm.specification.version" value="11"/>
    <property name="sun.arch.data.model" value="64"/>
    <property name="sun.java.command" value="org.codehaus.plexus.classworlds.launcher.Launcher -Dmaven.ext.class.path=/Applications/NetBeans/Apache NetBeans 12.0.app/Contents/Resources/NetBeans/netbeans/java/maven-nblib/netbeans-eventspy.jar install"/>
    <property name="java.home" value="/Library/Java/JavaVirtualMachines/temurin-11.jdk/Contents/Home"/>
    <property name="user.language" value="en"/>
    <property name="java.specification.vendor" value="Oracle Corporation"/>
    <property name="awt.toolkit" value="sun.lwawt.macosx.LWCToolkit"/>
    <property name="java.vm.info" value="mixed mode"/>
    <property name="java.version" value="11.0.12"/>
    <property name="java.vendor" value="Eclipse Foundation"/>
    <property name="maven.home" value="/Applications/NetBeans/Apache NetBeans 12.0.app/Contents/Resources/NetBeans/netbeans/java/maven"/>
    <property name="file.separator" value="/"/>
    <property name="java.version.date" value="2021-07-20"/>
    <property name="java.vendor.url.bug" value="https://github.com/adoptium/adoptium-support/issues"/>
    <property name="sun.io.unicode.encoding" value="UnicodeBig"/>
    <property name="sun.cpu.endian" value="little"/>
    <property name="java.vendor.version" value="Temurin-11.0.12+7"/>
    <property name="socksNonProxyHosts" value="local|*.local|169.254/16|*.169.254/16"/>
    <property name="ftp.nonProxyHosts" value="local|*.local|169.254/16|*.169.254/16"/>
    <property name="sun.cpu.isalist" value=""/>
  </properties>
  <testcase name="testValidRemoveItem" classname="com.sg.VendingMachine.service.VendingMachineServiceLayerImplTest" time="0.006">
    <error message="Cannot find class [com.sg.VendingMachine.dao.VendingMachineDaoStubImpl] for bean with name &apos;vendingMachineDaoStub&apos; defined in class path resource [applicationContext.xml]; nested exception is java.lang.ClassNotFoundException: com.sg.VendingMachine.dao.VendingMachineDaoStubImpl" type="org.springframework.beans.factory.CannotLoadBeanClassException"><![CDATA[org.springframework.beans.factory.CannotLoadBeanClassException: Cannot find class [com.sg.VendingMachine.dao.VendingMachineDaoStubImpl] for bean with name 'vendingMachineDaoStub' defined in class path resource [applicationContext.xml]; nested exception is java.lang.ClassNotFoundException: com.sg.VendingMachine.dao.VendingMachineDaoStubImpl
	at com.sg.VendingMachine.service.VendingMachineServiceLayerImplTest.<init>(VendingMachineServiceLayerImplTest.java:42)
Caused by: java.lang.ClassNotFoundException: com.sg.VendingMachine.dao.VendingMachineDaoStubImpl
	at com.sg.VendingMachine.service.VendingMachineServiceLayerImplTest.<init>(VendingMachineServiceLayerImplTest.java:42)
]]></error>
    <system-err><![CDATA[Nov 18, 2021 11:19:18 AM org.springframework.context.support.ClassPathXmlApplicationContext prepareRefresh
INFO: Refreshing org.springframework.context.support.ClassPathXmlApplicationContext@1356d4d4: startup date [Thu Nov 18 11:19:18 EST 2021]; root of context hierarchy
Nov 18, 2021 11:19:18 AM org.springframework.beans.factory.xml.XmlBeanDefinitionReader loadBeanDefinitions
INFO: Loading XML bean definitions from class path resource [applicationContext.xml]
Nov 18, 2021 11:19:19 AM org.springframework.context.support.ClassPathXmlApplicationContext refresh
WARNING: Exception encountered during context initialization - cancelling refresh attempt: org.springframework.beans.factory.CannotLoadBeanClassException: Cannot find class [com.sg.VendingMachine.dao.VendingMachineDaoStubImpl] for bean with name 'vendingMachineDaoStub' defined in class path resource [applicationContext.xml]; nested exception is java.lang.ClassNotFoundException: com.sg.VendingMachine.dao.VendingMachineDaoStubImpl
]]></system-err>
  </testcase>
  <testcase name="testGetAllItems" classname="com.sg.VendingMachine.service.VendingMachineServiceLayerImplTest" time="0">
    <error message="Cannot find class [com.sg.VendingMachine.dao.VendingMachineDaoStubImpl] for bean with name &apos;vendingMachineDaoStub&apos; defined in class path resource [applicationContext.xml]; nested exception is java.lang.ClassNotFoundException: com.sg.VendingMachine.dao.VendingMachineDaoStubImpl" type="org.springframework.beans.factory.CannotLoadBeanClassException"><![CDATA[org.springframework.beans.factory.CannotLoadBeanClassException: Cannot find class [com.sg.VendingMachine.dao.VendingMachineDaoStubImpl] for bean with name 'vendingMachineDaoStub' defined in class path resource [applicationContext.xml]; nested exception is java.lang.ClassNotFoundException: com.sg.VendingMachine.dao.VendingMachineDaoStubImpl
	at com.sg.VendingMachine.service.VendingMachineServiceLayerImplTest.<init>(VendingMachineServiceLayerImplTest.java:42)
Caused by: java.lang.ClassNotFoundException: com.sg.VendingMachine.dao.VendingMachineDaoStubImpl
	at com.sg.VendingMachine.service.VendingMachineServiceLayerImplTest.<init>(VendingMachineServiceLayerImplTest.java:42)
]]></error>
    <system-err><![CDATA[Nov 18, 2021 11:19:19 AM org.springframework.context.support.ClassPathXmlApplicationContext prepareRefresh
INFO: Refreshing org.springframework.context.support.ClassPathXmlApplicationContext@ab7395e: startup date [Thu Nov 18 11:19:19 EST 2021]; root of context hierarchy
Nov 18, 2021 11:19:19 AM org.springframework.beans.factory.xml.XmlBeanDefinitionReader loadBeanDefinitions
INFO: Loading XML bean definitions from class path resource [applicationContext.xml]
Nov 18, 2021 11:19:19 AM org.springframework.context.support.ClassPathXmlApplicationContext refresh
WARNING: Exception encountered during context initialization - cancelling refresh attempt: org.springframework.beans.factory.CannotLoadBeanClassException: Cannot find class [com.sg.VendingMachine.dao.VendingMachineDaoStubImpl] for bean with name 'vendingMachineDaoStub' defined in class path resource [applicationContext.xml]; nested exception is java.lang.ClassNotFoundException: com.sg.VendingMachine.dao.VendingMachineDaoStubImpl
]]></system-err>
  </testcase>
  <testcase name="testGetItem" classname="com.sg.VendingMachine.service.VendingMachineServiceLayerImplTest" time="0">
    <error message="Cannot find class [com.sg.VendingMachine.dao.VendingMachineDaoStubImpl] for bean with name &apos;vendingMachineDaoStub&apos; defined in class path resource [applicationContext.xml]; nested exception is java.lang.ClassNotFoundException: com.sg.VendingMachine.dao.VendingMachineDaoStubImpl" type="org.springframework.beans.factory.CannotLoadBeanClassException"><![CDATA[org.springframework.beans.factory.CannotLoadBeanClassException: Cannot find class [com.sg.VendingMachine.dao.VendingMachineDaoStubImpl] for bean with name 'vendingMachineDaoStub' defined in class path resource [applicationContext.xml]; nested exception is java.lang.ClassNotFoundException: com.sg.VendingMachine.dao.VendingMachineDaoStubImpl
	at com.sg.VendingMachine.service.VendingMachineServiceLayerImplTest.<init>(VendingMachineServiceLayerImplTest.java:42)
Caused by: java.lang.ClassNotFoundException: com.sg.VendingMachine.dao.VendingMachineDaoStubImpl
	at com.sg.VendingMachine.service.VendingMachineServiceLayerImplTest.<init>(VendingMachineServiceLayerImplTest.java:42)
]]></error>
    <system-err><![CDATA[Nov 18, 2021 11:19:19 AM org.springframework.context.support.ClassPathXmlApplicationContext prepareRefresh
INFO: Refreshing org.springframework.context.support.ClassPathXmlApplicationContext@13330ac6: startup date [Thu Nov 18 11:19:19 EST 2021]; root of context hierarchy
Nov 18, 2021 11:19:19 AM org.springframework.beans.factory.xml.XmlBeanDefinitionReader loadBeanDefinitions
INFO: Loading XML bean definitions from class path resource [applicationContext.xml]
Nov 18, 2021 11:19:19 AM org.springframework.context.support.ClassPathXmlApplicationContext refresh
WARNING: Exception encountered during context initialization - cancelling refresh attempt: org.springframework.beans.factory.CannotLoadBeanClassException: Cannot find class [com.sg.VendingMachine.dao.VendingMachineDaoStubImpl] for bean with name 'vendingMachineDaoStub' defined in class path resource [applicationContext.xml]; nested exception is java.lang.ClassNotFoundException: com.sg.VendingMachine.dao.VendingMachineDaoStubImpl
]]></system-err>
  </testcase>
  <testcase name="testRemoveItemOutOfStock" classname="com.sg.VendingMachine.service.VendingMachineServiceLayerImplTest" time="0">
    <error message="Cannot find class [com.sg.VendingMachine.dao.VendingMachineDaoStubImpl] for bean with name &apos;vendingMachineDaoStub&apos; defined in class path resource [applicationContext.xml]; nested exception is java.lang.ClassNotFoundException: com.sg.VendingMachine.dao.VendingMachineDaoStubImpl" type="org.springframework.beans.factory.CannotLoadBeanClassException"><![CDATA[org.springframework.beans.factory.CannotLoadBeanClassException: Cannot find class [com.sg.VendingMachine.dao.VendingMachineDaoStubImpl] for bean with name 'vendingMachineDaoStub' defined in class path resource [applicationContext.xml]; nested exception is java.lang.ClassNotFoundException: com.sg.VendingMachine.dao.VendingMachineDaoStubImpl
	at com.sg.VendingMachine.service.VendingMachineServiceLayerImplTest.<init>(VendingMachineServiceLayerImplTest.java:42)
Caused by: java.lang.ClassNotFoundException: com.sg.VendingMachine.dao.VendingMachineDaoStubImpl
	at com.sg.VendingMachine.service.VendingMachineServiceLayerImplTest.<init>(VendingMachineServiceLayerImplTest.java:42)
]]></error>
    <system-err><![CDATA[Nov 18, 2021 11:19:19 AM org.springframework.context.support.ClassPathXmlApplicationContext prepareRefresh
INFO: Refreshing org.springframework.context.support.ClassPathXmlApplicationContext@52c3cb31: startup date [Thu Nov 18 11:19:19 EST 2021]; root of context hierarchy
Nov 18, 2021 11:19:19 AM org.springframework.beans.factory.xml.XmlBeanDefinitionReader loadBeanDefinitions
INFO: Loading XML bean definitions from class path resource [applicationContext.xml]
Nov 18, 2021 11:19:19 AM org.springframework.context.support.ClassPathXmlApplicationContext refresh
WARNING: Exception encountered during context initialization - cancelling refresh attempt: org.springframework.beans.factory.CannotLoadBeanClassException: Cannot find class [com.sg.VendingMachine.dao.VendingMachineDaoStubImpl] for bean with name 'vendingMachineDaoStub' defined in class path resource [applicationContext.xml]; nested exception is java.lang.ClassNotFoundException: com.sg.VendingMachine.dao.VendingMachineDaoStubImpl
]]></system-err>
  </testcase>
  <testcase name="testRemoveItemInsufficientFunds" classname="com.sg.VendingMachine.service.VendingMachineServiceLayerImplTest" time="0">
    <error message="Cannot find class [com.sg.VendingMachine.dao.VendingMachineDaoStubImpl] for bean with name &apos;vendingMachineDaoStub&apos; defined in class path resource [applicationContext.xml]; nested exception is java.lang.ClassNotFoundException: com.sg.VendingMachine.dao.VendingMachineDaoStubImpl" type="org.springframework.beans.factory.CannotLoadBeanClassException"><![CDATA[org.springframework.beans.factory.CannotLoadBeanClassException: Cannot find class [com.sg.VendingMachine.dao.VendingMachineDaoStubImpl] for bean with name 'vendingMachineDaoStub' defined in class path resource [applicationContext.xml]; nested exception is java.lang.ClassNotFoundException: com.sg.VendingMachine.dao.VendingMachineDaoStubImpl
	at com.sg.VendingMachine.service.VendingMachineServiceLayerImplTest.<init>(VendingMachineServiceLayerImplTest.java:42)
Caused by: java.lang.ClassNotFoundException: com.sg.VendingMachine.dao.VendingMachineDaoStubImpl
	at com.sg.VendingMachine.service.VendingMachineServiceLayerImplTest.<init>(VendingMachineServiceLayerImplTest.java:42)
]]></error>
    <system-err><![CDATA[Nov 18, 2021 11:19:19 AM org.springframework.context.support.ClassPathXmlApplicationContext prepareRefresh
INFO: Refreshing org.springframework.context.support.ClassPathXmlApplicationContext@32a68f4f: startup date [Thu Nov 18 11:19:19 EST 2021]; root of context hierarchy
Nov 18, 2021 11:19:19 AM org.springframework.beans.factory.xml.XmlBeanDefinitionReader loadBeanDefinitions
INFO: Loading XML bean definitions from class path resource [applicationContext.xml]
Nov 18, 2021 11:19:19 AM org.springframework.context.support.ClassPathXmlApplicationContext refresh
WARNING: Exception encountered during context initialization - cancelling refresh attempt: org.springframework.beans.factory.CannotLoadBeanClassException: Cannot find class [com.sg.VendingMachine.dao.VendingMachineDaoStubImpl] for bean with name 'vendingMachineDaoStub' defined in class path resource [applicationContext.xml]; nested exception is java.lang.ClassNotFoundException: com.sg.VendingMachine.dao.VendingMachineDaoStubImpl
]]></system-err>
  </testcase>
</testsuite>